# JRE version: Java(TM) SE Runtime Environment 18.9 (11.0.16+11) (build 11.0.16+11-LTS-199)
# Java VM: Java HotSpot(TM) 64-Bit Server VM 18.9 (11.0.16+11-LTS-199, mixed mode, tiered, compressed oops, g1 gc, windows-amd64)
Heap:
 garbage-first heap   total 227328K, used 155042K [0x00000000a0000000, 0x0000000100000000)
  region size 1024K, 130 young (133120K), 13 survivors (13312K)
 Metaspace       used 57761K, capacity 59711K, committed 59984K, reserved 1101824K
  class space    used 7529K, capacity 8284K, committed 8352K, reserved 1048576K
GC Heap History (10 events):
Event: 2.650 GC heap before
{Heap before GC invocations=2 (full 0):
 garbage-first heap   total 227328K, used 68131K [0x00000000a0000000, 0x0000000100000000)
  region size 1024K, 64 young (65536K), 14 survivors (14336K)
 Metaspace       used 20822K, capacity 21186K, committed 21296K, reserved 1069056K
  class space    used 2459K, capacity 2645K, committed 2688K, reserved 1048576K
}
Event: 2.660 GC heap after
{Heap after GC invocations=3 (full 0):
 garbage-first heap   total 227328K, used 19439K [0x00000000a0000000, 0x0000000100000000)
  region size 1024K, 2 young (2048K), 2 survivors (2048K)
 Metaspace       used 20822K, capacity 21186K, committed 21296K, reserved 1069056K
  class space    used 2459K, capacity 2645K, committed 2688K, reserved 1048576K
}
Event: 3.793 GC heap before
{Heap before GC invocations=4 (full 0):
 garbage-first heap   total 227328K, used 145391K [0x00000000a0000000, 0x0000000100000000)
  region size 1024K, 126 young (129024K), 2 survivors (2048K)
 Metaspace       used 28392K, capacity 29033K, committed 29104K, reserved 1075200K
  class space    used 3580K, capacity 3817K, committed 3840K, reserved 1048576K
}
Event: 3.795 GC heap after
{Heap after GC invocations=5 (full 0):
 garbage-first heap   total 227328K, used 21734K [0x00000000a0000000, 0x0000000100000000)
  region size 1024K, 5 young (5120K), 5 survivors (5120K)
 Metaspace       used 28392K, capacity 29033K, committed 29104K, reserved 1075200K
  class space    used 3580K, capacity 3817K, committed 3840K, reserved 1048576K
}
Event: 4.578 GC heap before
{Heap before GC invocations=5 (full 0):
 garbage-first heap   total 227328K, used 135398K [0x00000000a0000000, 0x0000000100000000)
  region size 1024K, 117 young (119808K), 5 survivors (5120K)
 Metaspace       used 35014K, capacity 35859K, committed 35920K, reserved 1081344K
  class space    used 4610K, capacity 4996K, committed 5024K, reserved 1048576K
}
Event: 4.583 GC heap after
{Heap after GC invocations=6 (full 0):
 garbage-first heap   total 227328K, used 24320K [0x00000000a0000000, 0x0000000100000000)
  region size 1024K, 7 young (7168K), 7 survivors (7168K)
 Metaspace       used 35014K, capacity 35859K, committed 35920K, reserved 1081344K
  class space    used 4610K, capacity 4996K, committed 5024K, reserved 1048576K
}
Event: 5.898 GC heap before
{Heap before GC invocations=7 (full 0):
 garbage-first heap   total 227328K, used 157440K [0x00000000a0000000, 0x0000000100000000)
  region size 1024K, 133 young (136192K), 7 survivors (7168K)
 Metaspace       used 45897K, capacity 47081K, committed 47312K, reserved 1089536K
  class space    used 5867K, capacity 6376K, committed 6432K, reserved 1048576K
}
Event: 5.905 GC heap after
{Heap after GC invocations=8 (full 0):
 garbage-first heap   total 227328K, used 32371K [0x00000000a0000000, 0x0000000100000000)
  region size 1024K, 15 young (15360K), 15 survivors (15360K)
 Metaspace       used 45897K, capacity 47081K, committed 47312K, reserved 1089536K
  class space    used 5867K, capacity 6376K, committed 6432K, reserved 1048576K
}
Event: 6.765 GC heap before
{Heap before GC invocations=8 (full 0):
 garbage-first heap   total 227328K, used 154227K [0x00000000a0000000, 0x0000000100000000)
  region size 1024K, 133 young (136192K), 15 survivors (15360K)
 Metaspace       used 52519K, capacity 54090K, committed 54224K, reserved 1095680K
  class space    used 6817K, capacity 7416K, committed 7456K, reserved 1048576K
}
Event: 6.772 GC heap after
{Heap after GC invocations=9 (full 0):
 garbage-first heap   total 227328K, used 36258K [0x00000000a0000000, 0x0000000100000000)
  region size 1024K, 13 young (13312K), 13 survivors (13312K)
 Metaspace       used 52519K, capacity 54090K, committed 54224K, reserved 1095680K
  class space    used 6817K, capacity 7416K, committed 7456K, reserved 1048576K
}

