# JRE version: OpenJDK Runtime Environment Temurin-21.0.11+10 (21.0.11+10) (build 21.0.11+10-LTS)
# Java VM: OpenJDK 64-Bit Server VM Temurin-21.0.11+10 (21.0.11+10-LTS, mixed mode, sharing, tiered, compressed oops, compressed class ptrs, parallel gc, windows-amd64)
GC Precious Log:
 CardTable entry size: 512
 CPUs: 16 total, 16 available
 Memory: 14188M
 Large Page Support: Disabled
 NUMA Support: Disabled
 Compressed Oops: Enabled (32-bit)
 Alignments: Space 512K, Generation 512K, Heap 2M
 Heap Min Capacity: 100M
 Heap Initial Capacity: 100M
 Heap Max Capacity: 2G
 Pre-touch: Disabled
 Parallel Workers: 13
Heap:
 PSYoungGen      total 11776K, used 3863K [0x00000000d5580000, 0x00000000d6300000, 0x0000000100000000)
  eden space 11264K, 30% used [0x00000000d5580000,0x00000000d58d5ee8,0x00000000d6080000)
  from space 512K, 87% used [0x00000000d6280000,0x00000000d62f0000,0x00000000d6300000)
  to   space 1024K, 0% used [0x00000000d6100000,0x00000000d6100000,0x00000000d6200000)
 ParOldGen       total 73728K, used 73691K [0x0000000080000000, 0x0000000084800000, 0x00000000d5580000)
  object space 73728K, 99% used [0x0000000080000000,0x00000000847f6ee8,0x0000000084800000)
 Metaspace       used 72662K, committed 74304K, reserved 1114112K
  class space    used 9048K, committed 9792K, reserved 1048576K
GC Heap History (20 events):
Event: 48.194 GC heap before
{Heap before GC invocations=77 (full 3):
 PSYoungGen      total 12288K, used 11920K [0x00000000d5580000, 0x00000000d6380000, 0x0000000100000000)
  eden space 11264K, 100% used [0x00000000d5580000,0x00000000d6080000,0x00000000d6080000)
  from space 1024K, 64% used [0x00000000d6200000,0x00000000d62a4280,0x00000000d6300000)
  to   space 512K, 0% used [0x00000000d6300000,0x00000000d6300000,0x00000000d6380000)
 ParOldGen       total 71680K, used 70249K [0x0000000080000000, 0x0000000084600000, 0x00000000d5580000)
  object space 71680K, 98% used [0x0000000080000000,0x000000008449a618,0x0000000084600000)
 Metaspace       used 68711K, committed 70272K, reserved 1114112K
  class space    used 8507K, committed 9216K, reserved 1048576K
}
Event: 48.195 GC heap after
{Heap after GC invocations=77 (full 3):
 PSYoungGen      total 11776K, used 502K [0x00000000d5580000, 0x00000000d6380000, 0x0000000100000000)
  eden space 11264K, 0% used [0x00000000d5580000,0x00000000d5580000,0x00000000d6080000)
  from space 512K, 98% used [0x00000000d6300000,0x00000000d637d9e0,0x00000000d6380000)
  to   space 1536K, 0% used [0x00000000d6080000,0x00000000d6080000,0x00000000d6200000)
 ParOldGen       total 71680K, used 70731K [0x0000000080000000, 0x0000000084600000, 0x00000000d5580000)
  object space 71680K, 98% used [0x0000000080000000,0x0000000084512e18,0x0000000084600000)
 Metaspace       used 68711K, committed 70272K, reserved 1114112K
  class space    used 8507K, committed 9216K, reserved 1048576K
}
Event: 48.248 GC heap before
{Heap before GC invocations=78 (full 3):
 PSYoungGen      total 11776K, used 11766K [0x00000000d5580000, 0x00000000d6380000, 0x0000000100000000)
  eden space 11264K, 100% used [0x00000000d5580000,0x00000000d6080000,0x00000000d6080000)
  from space 512K, 98% used [0x00000000d6300000,0x00000000d637d9e0,0x00000000d6380000)
  to   space 1536K, 0% used [0x00000000d6080000,0x00000000d6080000,0x00000000d6200000)
 ParOldGen       total 71680K, used 70731K [0x0000000080000000, 0x0000000084600000, 0x00000000d5580000)
  object space 71680K, 98% used [0x0000000080000000,0x0000000084512e18,0x0000000084600000)
 Metaspace       used 68711K, committed 70272K, reserved 1114112K
  class space    used 8507K, committed 9216K, reserved 1048576K
}
Event: 48.249 GC heap after
{Heap after GC invocations=78 (full 3):
 PSYoungGen      total 12800K, used 556K [0x00000000d5580000, 0x00000000d6380000, 0x0000000100000000)
  eden space 11264K, 0% used [0x00000000d5580000,0x00000000d5580000,0x00000000d6080000)
  from space 1536K, 36% used [0x00000000d6080000,0x00000000d610b170,0x00000000d6200000)
  to   space 1024K, 0% used [0x00000000d6280000,0x00000000d6280000,0x00000000d6380000)
 ParOldGen       total 71680K, used 71142K [0x0000000080000000, 0x0000000084600000, 0x00000000d5580000)
  object space 71680K, 99% used [0x0000000080000000,0x0000000084579b18,0x0000000084600000)
 Metaspace       used 68711K, committed 70272K, reserved 1114112K
  class space    used 8507K, committed 9216K, reserved 1048576K
}
Event: 48.317 GC heap before
{Heap before GC invocations=79 (full 3):
 PSYoungGen      total 12800K, used 11820K [0x00000000d5580000, 0x00000000d6380000, 0x0000000100000000)
  eden space 11264K, 100% used [0x00000000d5580000,0x00000000d6080000,0x00000000d6080000)
  from space 1536K, 36% used [0x00000000d6080000,0x00000000d610b170,0x00000000d6200000)
  to   space 1024K, 0% used [0x00000000d6280000,0x00000000d6280000,0x00000000d6380000)
 ParOldGen       total 71680K, used 71142K [0x0000000080000000, 0x0000000084600000, 0x00000000d5580000)
  object space 71680K, 99% used [0x0000000080000000,0x0000000084579b18,0x0000000084600000)
 Metaspace       used 68711K, committed 70272K, reserved 1114112K
  class space    used 8507K, committed 9216K, reserved 1048576K
}
Event: 48.318 GC heap after
{Heap after GC invocations=79 (full 3):
 PSYoungGen      total 12288K, used 619K [0x00000000d5580000, 0x00000000d6380000, 0x0000000100000000)
  eden space 11264K, 0% used [0x00000000d5580000,0x00000000d5580000,0x00000000d6080000)
  from space 1024K, 60% used [0x00000000d6280000,0x00000000d631add8,0x00000000d6380000)
  to   space 1024K, 0% used [0x00000000d6180000,0x00000000d6180000,0x00000000d6280000)
 ParOldGen       total 71680K, used 71254K [0x0000000080000000, 0x0000000084600000, 0x00000000d5580000)
  object space 71680K, 99% used [0x0000000080000000,0x0000000084595b28,0x0000000084600000)
 Metaspace       used 68711K, committed 70272K, reserved 1114112K
  class space    used 8507K, committed 9216K, reserved 1048576K
}
Event: 48.378 GC heap before
{Heap before GC invocations=80 (full 3):
 PSYoungGen      total 12288K, used 11883K [0x00000000d5580000, 0x00000000d6380000, 0x0000000100000000)
  eden space 11264K, 100% used [0x00000000d5580000,0x00000000d6080000,0x00000000d6080000)
  from space 1024K, 60% used [0x00000000d6280000,0x00000000d631add8,0x00000000d6380000)
  to   space 1024K, 0% used [0x00000000d6180000,0x00000000d6180000,0x00000000d6280000)
 ParOldGen       total 71680K, used 71254K [0x0000000080000000, 0x0000000084600000, 0x00000000d5580000)
  object space 71680K, 99% used [0x0000000080000000,0x0000000084595b28,0x0000000084600000)
 Metaspace       used 68711K, committed 70272K, reserved 1114112K
  class space    used 8507K, committed 9216K, reserved 1048576K
}
Event: 48.378 GC heap after
{Heap after GC invocations=80 (full 3):
 PSYoungGen      total 12288K, used 914K [0x00000000d5580000, 0x00000000d6300000, 0x0000000100000000)
  eden space 11264K, 0% used [0x00000000d5580000,0x00000000d5580000,0x00000000d6080000)
  from space 1024K, 89% used [0x00000000d6180000,0x00000000d62649a0,0x00000000d6280000)
  to   space 512K, 0% used [0x00000000d6280000,0x00000000d6280000,0x00000000d6300000)
 ParOldGen       total 72192K, used 71722K [0x0000000080000000, 0x0000000084680000, 0x00000000d5580000)
  object space 72192K, 99% used [0x0000000080000000,0x000000008460ab30,0x0000000084680000)
 Metaspace       used 68711K, committed 70272K, reserved 1114112K
  class space    used 8507K, committed 9216K, reserved 1048576K
}
Event: 48.436 GC heap before
{Heap before GC invocations=81 (full 3):
 PSYoungGen      total 12288K, used 12178K [0x00000000d5580000, 0x00000000d6300000, 0x0000000100000000)
  eden space 11264K, 100% used [0x00000000d5580000,0x00000000d6080000,0x00000000d6080000)
  from space 1024K, 89% used [0x00000000d6180000,0x00000000d62649a0,0x00000000d6280000)
  to   space 512K, 0% used [0x00000000d6280000,0x00000000d6280000,0x00000000d6300000)
 ParOldGen       total 72192K, used 71722K [0x0000000080000000, 0x0000000084680000, 0x00000000d5580000)
  object space 72192K, 99% used [0x0000000080000000,0x000000008460ab30,0x0000000084680000)
 Metaspace       used 68711K, committed 70272K, reserved 1114112K
  class space    used 8507K, committed 9216K, reserved 1048576K
}
Event: 48.436 GC heap after
{Heap after GC invocations=81 (full 3):
 PSYoungGen      total 11776K, used 416K [0x00000000d5580000, 0x00000000d6300000, 0x0000000100000000)
  eden space 11264K, 0% used [0x00000000d5580000,0x00000000d5580000,0x00000000d6080000)
  from space 512K, 81% used [0x00000000d6280000,0x00000000d62e8000,0x00000000d6300000)
  to   space 1024K, 0% used [0x00000000d6100000,0x00000000d6100000,0x00000000d6200000)
 ParOldGen       total 72192K, used 71818K [0x0000000080000000, 0x0000000084680000, 0x00000000d5580000)
  object space 72192K, 99% used [0x0000000080000000,0x0000000084622b30,0x0000000084680000)
 Metaspace       used 68711K, committed 70272K, reserved 1114112K
  class space    used 8507K, committed 9216K, reserved 1048576K
}
Event: 48.486 GC heap before
{Heap before GC invocations=82 (full 3):
 PSYoungGen      total 11776K, used 11680K [0x00000000d5580000, 0x00000000d6300000, 0x0000000100000000)
  eden space 11264K, 100% used [0x00000000d5580000,0x00000000d6080000,0x00000000d6080000)
  from space 512K, 81% used [0x00000000d6280000,0x00000000d62e8000,0x00000000d6300000)
  to   space 1024K, 0% used [0x00000000d6100000,0x00000000d6100000,0x00000000d6200000)
 ParOldGen       total 72192K, used 71818K [0x0000000080000000, 0x0000000084680000, 0x00000000d5580000)
  object space 72192K, 99% used [0x0000000080000000,0x0000000084622b30,0x0000000084680000)
 Metaspace       used 68711K, committed 70272K, reserved 1114112K
  class space    used 8507K, committed 9216K, reserved 1048576K
}
Event: 48.487 GC heap after
{Heap after GC invocations=82 (full 3):
 PSYoungGen      total 12288K, used 1013K [0x00000000d5580000, 0x00000000d6380000, 0x0000000100000000)
  eden space 11264K, 0% used [0x00000000d5580000,0x00000000d5580000,0x00000000d6080000)
  from space 1024K, 99% used [0x00000000d6100000,0x00000000d61fd758,0x00000000d6200000)
  to   space 1536K, 0% used [0x00000000d6200000,0x00000000d6200000,0x00000000d6380000)
 ParOldGen       total 72192K, used 72084K [0x0000000080000000, 0x0000000084680000, 0x00000000d5580000)
  object space 72192K, 99% used [0x0000000080000000,0x0000000084665280,0x0000000084680000)
 Metaspace       used 68711K, committed 70272K, reserved 1114112K
  class space    used 8507K, committed 9216K, reserved 1048576K
}
Event: 48.593 GC heap before
{Heap before GC invocations=83 (full 3):
 PSYoungGen      total 12288K, used 12277K [0x00000000d5580000, 0x00000000d6380000, 0x0000000100000000)
  eden space 11264K, 100% used [0x00000000d5580000,0x00000000d6080000,0x00000000d6080000)
  from space 1024K, 99% used [0x00000000d6100000,0x00000000d61fd758,0x00000000d6200000)
  to   space 1536K, 0% used [0x00000000d6200000,0x00000000d6200000,0x00000000d6380000)
 ParOldGen       total 72192K, used 72084K [0x0000000080000000, 0x0000000084680000, 0x00000000d5580000)
  object space 72192K, 99% used [0x0000000080000000,0x0000000084665280,0x0000000084680000)
 Metaspace       used 69149K, committed 70592K, reserved 1114112K
  class space    used 8562K, committed 9216K, reserved 1048576K
}
Event: 48.594 GC heap after
{Heap after GC invocations=83 (full 3):
 PSYoungGen      total 11776K, used 416K [0x00000000d5580000, 0x00000000d6280000, 0x0000000100000000)
  eden space 11264K, 0% used [0x00000000d5580000,0x00000000d5580000,0x00000000d6080000)
  from space 512K, 81% used [0x00000000d6200000,0x00000000d6268000,0x00000000d6280000)
  to   space 1024K, 0% used [0x00000000d6080000,0x00000000d6080000,0x00000000d6180000)
 ParOldGen       total 72192K, used 72172K [0x0000000080000000, 0x0000000084680000, 0x00000000d5580000)
  object space 72192K, 99% used [0x0000000080000000,0x000000008467b280,0x0000000084680000)
 Metaspace       used 69149K, committed 70592K, reserved 1114112K
  class space    used 8562K, committed 9216K, reserved 1048576K
}
Event: 48.713 GC heap before
{Heap before GC invocations=84 (full 3):
 PSYoungGen      total 11776K, used 11680K [0x00000000d5580000, 0x00000000d6280000, 0x0000000100000000)
  eden space 11264K, 100% used [0x00000000d5580000,0x00000000d6080000,0x00000000d6080000)
  from space 512K, 81% used [0x00000000d6200000,0x00000000d6268000,0x00000000d6280000)
  to   space 1024K, 0% used [0x00000000d6080000,0x00000000d6080000,0x00000000d6180000)
 ParOldGen       total 72192K, used 72172K [0x0000000080000000, 0x0000000084680000, 0x00000000d5580000)
  object space 72192K, 99% used [0x0000000080000000,0x000000008467b280,0x0000000084680000)
 Metaspace       used 70360K, committed 71872K, reserved 1114112K
  class space    used 8758K, committed 9472K, reserved 1048576K
}
Event: 48.714 GC heap after
{Heap after GC invocations=84 (full 3):
 PSYoungGen      total 12288K, used 576K [0x00000000d5580000, 0x00000000d6280000, 0x0000000100000000)
  eden space 11264K, 0% used [0x00000000d5580000,0x00000000d5580000,0x00000000d6080000)
  from space 1024K, 56% used [0x00000000d6080000,0x00000000d6110010,0x00000000d6180000)
  to   space 1024K, 0% used [0x00000000d6180000,0x00000000d6180000,0x00000000d6280000)
 ParOldGen       total 72704K, used 72428K [0x0000000080000000, 0x0000000084700000, 0x00000000d5580000)
  object space 72704K, 99% used [0x0000000080000000,0x00000000846bb2b0,0x0000000084700000)
 Metaspace       used 70360K, committed 71872K, reserved 1114112K
  class space    used 8758K, committed 9472K, reserved 1048576K
}
Event: 50.510 GC heap before
{Heap before GC invocations=85 (full 3):
 PSYoungGen      total 12288K, used 11840K [0x00000000d5580000, 0x00000000d6280000, 0x0000000100000000)
  eden space 11264K, 100% used [0x00000000d5580000,0x00000000d6080000,0x00000000d6080000)
  from space 1024K, 56% used [0x00000000d6080000,0x00000000d6110010,0x00000000d6180000)
  to   space 1024K, 0% used [0x00000000d6180000,0x00000000d6180000,0x00000000d6280000)
 ParOldGen       total 72704K, used 72428K [0x0000000080000000, 0x0000000084700000, 0x00000000d5580000)
  object space 72704K, 99% used [0x0000000080000000,0x00000000846bb2b0,0x0000000084700000)
 Metaspace       used 71387K, committed 72960K, reserved 1114112K
  class space    used 8924K, committed 9664K, reserved 1048576K
}
Event: 50.511 GC heap after
{Heap after GC invocations=85 (full 3):
 PSYoungGen      total 12288K, used 496K [0x00000000d5580000, 0x00000000d6280000, 0x0000000100000000)
  eden space 11264K, 0% used [0x00000000d5580000,0x00000000d5580000,0x00000000d6080000)
  from space 1024K, 48% used [0x00000000d6180000,0x00000000d61fc010,0x00000000d6280000)
  to   space 1024K, 0% used [0x00000000d6080000,0x00000000d6080000,0x00000000d6180000)
 ParOldGen       total 73216K, used 72860K [0x0000000080000000, 0x0000000084780000, 0x00000000d5580000)
  object space 73216K, 99% used [0x0000000080000000,0x00000000847272c0,0x0000000084780000)
 Metaspace       used 71387K, committed 72960K, reserved 1114112K
  class space    used 8924K, committed 9664K, reserved 1048576K
}
Event: 50.936 GC heap before
{Heap before GC invocations=86 (full 3):
 PSYoungGen      total 12288K, used 11760K [0x00000000d5580000, 0x00000000d6280000, 0x0000000100000000)
  eden space 11264K, 100% used [0x00000000d5580000,0x00000000d6080000,0x00000000d6080000)
  from space 1024K, 48% used [0x00000000d6180000,0x00000000d61fc010,0x00000000d6280000)
  to   space 1024K, 0% used [0x00000000d6080000,0x00000000d6080000,0x00000000d6180000)
 ParOldGen       total 73216K, used 72860K [0x0000000080000000, 0x0000000084780000, 0x00000000d5580000)
  object space 73216K, 99% used [0x0000000080000000,0x00000000847272c0,0x0000000084780000)
 Metaspace       used 72229K, committed 73792K, reserved 1114112K
  class space    used 9020K, committed 9728K, reserved 1048576K
}
Event: 50.937 GC heap after
{Heap after GC invocations=86 (full 3):
 PSYoungGen      total 12288K, used 992K [0x00000000d5580000, 0x00000000d6480000, 0x0000000100000000)
  eden space 11264K, 0% used [0x00000000d5580000,0x00000000d5580000,0x00000000d6080000)
  from space 1024K, 96% used [0x00000000d6080000,0x00000000d6178180,0x00000000d6180000)
  to   space 2048K, 0% used [0x00000000d6280000,0x00000000d6280000,0x00000000d6480000)
 ParOldGen       total 73728K, used 73364K [0x0000000080000000, 0x0000000084800000, 0x00000000d5580000)
  object space 73728K, 99% used [0x0000000080000000,0x00000000847a5368,0x0000000084800000)
 Metaspace       used 72229K, committed 73792K, reserved 1114112K
  class space    used 9020K, committed 9728K, reserved 1048576K
}

