# JRE version: Java(TM) SE Runtime Environment 18.9 (11.0.16+11) (build 11.0.16+11-LTS-199)
# Java VM: Java HotSpot(TM) 64-Bit Server VM 18.9 (11.0.16+11-LTS-199, mixed mode, tiered, compressed oops, g1 gc, windows-amd64)
Heap:
 garbage-first heap   total 227328K, used 185451K [0x00000000a0000000, 0x0000000100000000)
  region size 1024K, 106 young (108544K), 3 survivors (3072K)
 Metaspace       used 74149K, capacity 77648K, committed 77868K, reserved 1116160K
  class space    used 9489K, capacity 10774K, committed 10796K, reserved 1048576K
GC Heap History (10 events):
Event: 22.730 GC heap before
{Heap before GC invocations=13 (full 0):
 garbage-first heap   total 227328K, used 180939K [0x00000000a0000000, 0x0000000100000000)
  region size 1024K, 133 young (136192K), 10 survivors (10240K)
 Metaspace       used 63957K, capacity 66401K, committed 66604K, reserved 1105920K
  class space    used 8282K, capacity 9161K, committed 9260K, reserved 1048576K
}
Event: 22.738 GC heap after
{Heap after GC invocations=14 (full 0):
 garbage-first heap   total 227328K, used 57588K [0x00000000a0000000, 0x0000000100000000)
  region size 1024K, 8 young (8192K), 8 survivors (8192K)
 Metaspace       used 63957K, capacity 66401K, committed 66604K, reserved 1105920K
  class space    used 8282K, capacity 9161K, committed 9260K, reserved 1048576K
}
Event: 24.477 GC heap before
{Heap before GC invocations=14 (full 0):
 garbage-first heap   total 227328K, used 182516K [0x00000000a0000000, 0x0000000100000000)
  region size 1024K, 131 young (134144K), 8 survivors (8192K)
 Metaspace       used 68276K, capacity 71063K, committed 71340K, reserved 1110016K
  class space    used 8794K, capacity 9804K, committed 9900K, reserved 1048576K
}
Event: 24.486 GC heap after
{Heap after GC invocations=15 (full 0):
 garbage-first heap   total 227328K, used 62838K [0x00000000a0000000, 0x0000000100000000)
  region size 1024K, 13 young (13312K), 13 survivors (13312K)
 Metaspace       used 68276K, capacity 71063K, committed 71340K, reserved 1110016K
  class space    used 8794K, capacity 9804K, committed 9900K, reserved 1048576K
}
Event: 26.521 GC heap before
{Heap before GC invocations=15 (full 0):
 garbage-first heap   total 227328K, used 190838K [0x00000000a0000000, 0x0000000100000000)
  region size 1024K, 132 young (135168K), 13 survivors (13312K)
 Metaspace       used 70974K, capacity 73960K, committed 74028K, reserved 1114112K
  class space    used 9131K, capacity 10243K, committed 10284K, reserved 1048576K
}
Event: 26.530 GC heap after
{Heap after GC invocations=16 (full 0):
 garbage-first heap   total 227328K, used 78703K [0x00000000a0000000, 0x0000000100000000)
  region size 1024K, 16 young (16384K), 16 survivors (16384K)
 Metaspace       used 70974K, capacity 73960K, committed 74028K, reserved 1114112K
  class space    used 9131K, capacity 10243K, committed 10284K, reserved 1048576K
}
Event: 30.596 GC heap before
{Heap before GC invocations=16 (full 0):
 garbage-first heap   total 227328K, used 182127K [0x00000000a0000000, 0x0000000100000000)
  region size 1024K, 118 young (120832K), 16 survivors (16384K)
 Metaspace       used 73505K, capacity 76995K, committed 77100K, reserved 1116160K
  class space    used 9481K, capacity 10762K, committed 10796K, reserved 1048576K
}
Event: 30.608 GC heap after
{Heap after GC invocations=17 (full 0):
 garbage-first heap   total 227328K, used 84826K [0x00000000a0000000, 0x0000000100000000)
  region size 1024K, 7 young (7168K), 7 survivors (7168K)
 Metaspace       used 73505K, capacity 76995K, committed 77100K, reserved 1116160K
  class space    used 9481K, capacity 10762K, committed 10796K, reserved 1048576K
}
Event: 2848.691 GC heap before
{Heap before GC invocations=17 (full 0):
 garbage-first heap   total 227328K, used 184154K [0x00000000a0000000, 0x0000000100000000)
  region size 1024K, 104 young (106496K), 7 survivors (7168K)
 Metaspace       used 74133K, capacity 77648K, committed 77868K, reserved 1116160K
  class space    used 9489K, capacity 10774K, committed 10796K, reserved 1048576K
}
Event: 2848.785 GC heap after
{Heap after GC invocations=18 (full 0):
 garbage-first heap   total 227328K, used 81003K [0x00000000a0000000, 0x0000000100000000)
  region size 1024K, 3 young (3072K), 3 survivors (3072K)
 Metaspace       used 74133K, capacity 77648K, committed 77868K, reserved 1116160K
  class space    used 9489K, capacity 10774K, committed 10796K, reserved 1048576K
}

