# JRE version: OpenJDK Runtime Environment Temurin-21.0.11+10 (21.0.11+10) (build 21.0.11+10-LTS)
# Java VM: OpenJDK 64-Bit Server VM Temurin-21.0.11+10 (21.0.11+10-LTS, mixed mode, sharing, tiered, compressed oops, compressed class ptrs, parallel gc, windows-amd64)
GC Precious Log:
 CardTable entry size: 512
 CPUs: 16 total, 16 available
 Memory: 14188M
 Large Page Support: Disabled
 NUMA Support: Disabled
 Compressed Oops: Enabled (32-bit)
 Alignments: Space 512K, Generation 512K, Heap 2M
 Heap Min Capacity: 100M
 Heap Initial Capacity: 100M
 Heap Max Capacity: 2G
 Pre-touch: Disabled
 Parallel Workers: 13
Heap:
 PSYoungGen      total 5120K, used 1880K [0x00000000d5580000, 0x00000000d5c00000, 0x0000000100000000)
  eden space 4608K, 31% used [0x00000000d5580000,0x00000000d56ee028,0x00000000d5a00000)
  from space 512K, 81% used [0x00000000d5b00000,0x00000000d5b68020,0x00000000d5b80000)
  to   space 512K, 0% used [0x00000000d5b80000,0x00000000d5b80000,0x00000000d5c00000)
 ParOldGen       total 215552K, used 212895K [0x0000000080000000, 0x000000008d280000, 0x00000000d5580000)
  object space 215552K, 98% used [0x0000000080000000,0x000000008cfe7e08,0x000000008d280000)
 Metaspace       used 87840K, committed 89600K, reserved 1179648K
  class space    used 10537K, committed 11328K, reserved 1048576K
GC Heap History (20 events):
Event: 1163.510 GC heap before
{Heap before GC invocations=171 (full 3):
 PSYoungGen      total 6656K, used 6432K [0x00000000d5580000, 0x00000000d5d00000, 0x0000000100000000)
  eden space 5632K, 100% used [0x00000000d5580000,0x00000000d5b00000,0x00000000d5b00000)
  from space 1024K, 78% used [0x00000000d5b00000,0x00000000d5bc8000,0x00000000d5c00000)
  to   space 1024K, 0% used [0x00000000d5c00000,0x00000000d5c00000,0x00000000d5d00000)
 ParOldGen       total 117760K, used 117666K [0x0000000080000000, 0x0000000087300000, 0x00000000d5580000)
  object space 117760K, 99% used [0x0000000080000000,0x00000000872e8908,0x0000000087300000)
 Metaspace       used 86608K, committed 88384K, reserved 1179648K
  class space    used 10410K, committed 11200K, reserved 1048576K
}
Event: 1163.512 GC heap after
{Heap after GC invocations=171 (full 3):
 PSYoungGen      total 6656K, used 512K [0x00000000d5580000, 0x00000000d5d00000, 0x0000000100000000)
  eden space 5632K, 0% used [0x00000000d5580000,0x00000000d5580000,0x00000000d5b00000)
  from space 1024K, 50% used [0x00000000d5c00000,0x00000000d5c80000,0x00000000d5d00000)
  to   space 1024K, 0% used [0x00000000d5b00000,0x00000000d5b00000,0x00000000d5c00000)
 ParOldGen       total 118272K, used 118171K [0x0000000080000000, 0x0000000087380000, 0x00000000d5580000)
  object space 118272K, 99% used [0x0000000080000000,0x0000000087366d78,0x0000000087380000)
 Metaspace       used 86608K, committed 88384K, reserved 1179648K
  class space    used 10410K, committed 11200K, reserved 1048576K
}
Event: 1163.902 GC heap before
{Heap before GC invocations=172 (full 3):
 PSYoungGen      total 6656K, used 6116K [0x00000000d5580000, 0x00000000d5d00000, 0x0000000100000000)
  eden space 5632K, 99% used [0x00000000d5580000,0x00000000d5af9170,0x00000000d5b00000)
  from space 1024K, 50% used [0x00000000d5c00000,0x00000000d5c80000,0x00000000d5d00000)
  to   space 1024K, 0% used [0x00000000d5b00000,0x00000000d5b00000,0x00000000d5c00000)
 ParOldGen       total 118272K, used 118171K [0x0000000080000000, 0x0000000087380000, 0x00000000d5580000)
  object space 118272K, 99% used [0x0000000080000000,0x0000000087366d78,0x0000000087380000)
 Metaspace       used 86703K, committed 88448K, reserved 1179648K
  class space    used 10424K, committed 11200K, reserved 1048576K
}
Event: 1163.903 GC heap after
{Heap after GC invocations=172 (full 3):
 PSYoungGen      total 6656K, used 832K [0x00000000d5580000, 0x00000000d5d00000, 0x0000000100000000)
  eden space 5632K, 0% used [0x00000000d5580000,0x00000000d5580000,0x00000000d5b00000)
  from space 1024K, 81% used [0x00000000d5b00000,0x00000000d5bd0000,0x00000000d5c00000)
  to   space 1024K, 0% used [0x00000000d5c00000,0x00000000d5c00000,0x00000000d5d00000)
 ParOldGen       total 118784K, used 118399K [0x0000000080000000, 0x0000000087400000, 0x00000000d5580000)
  object space 118784K, 99% used [0x0000000080000000,0x000000008739fd88,0x0000000087400000)
 Metaspace       used 86703K, committed 88448K, reserved 1179648K
  class space    used 10424K, committed 11200K, reserved 1048576K
}
Event: 1163.991 GC heap before
{Heap before GC invocations=173 (full 3):
 PSYoungGen      total 6656K, used 6464K [0x00000000d5580000, 0x00000000d5d00000, 0x0000000100000000)
  eden space 5632K, 100% used [0x00000000d5580000,0x00000000d5b00000,0x00000000d5b00000)
  from space 1024K, 81% used [0x00000000d5b00000,0x00000000d5bd0000,0x00000000d5c00000)
  to   space 1024K, 0% used [0x00000000d5c00000,0x00000000d5c00000,0x00000000d5d00000)
 ParOldGen       total 118784K, used 118399K [0x0000000080000000, 0x0000000087400000, 0x00000000d5580000)
  object space 118784K, 99% used [0x0000000080000000,0x000000008739fd88,0x0000000087400000)
 Metaspace       used 86921K, committed 88704K, reserved 1179648K
  class space    used 10456K, committed 11264K, reserved 1048576K
}
Event: 1163.992 GC heap after
{Heap after GC invocations=173 (full 3):
 PSYoungGen      total 5632K, used 992K [0x00000000d5580000, 0x00000000d5f00000, 0x0000000100000000)
  eden space 4608K, 0% used [0x00000000d5580000,0x00000000d5580000,0x00000000d5a00000)
  from space 1024K, 96% used [0x00000000d5c00000,0x00000000d5cf8020,0x00000000d5d00000)
  to   space 2048K, 0% used [0x00000000d5a00000,0x00000000d5a00000,0x00000000d5c00000)
 ParOldGen       total 119296K, used 119071K [0x0000000080000000, 0x0000000087480000, 0x00000000d5580000)
  object space 119296K, 99% used [0x0000000080000000,0x0000000087447d88,0x0000000087480000)
 Metaspace       used 86921K, committed 88704K, reserved 1179648K
  class space    used 10456K, committed 11264K, reserved 1048576K
}
Event: 1164.045 GC heap before
{Heap before GC invocations=174 (full 3):
 PSYoungGen      total 5632K, used 5600K [0x00000000d5580000, 0x00000000d5f00000, 0x0000000100000000)
  eden space 4608K, 99% used [0x00000000d5580000,0x00000000d59ffff8,0x00000000d5a00000)
  from space 1024K, 96% used [0x00000000d5c00000,0x00000000d5cf8020,0x00000000d5d00000)
  to   space 2048K, 0% used [0x00000000d5a00000,0x00000000d5a00000,0x00000000d5c00000)
 ParOldGen       total 119296K, used 119071K [0x0000000080000000, 0x0000000087480000, 0x00000000d5580000)
  object space 119296K, 99% used [0x0000000080000000,0x0000000087447d88,0x0000000087480000)
 Metaspace       used 86940K, committed 88768K, reserved 1179648K
  class space    used 10456K, committed 11264K, reserved 1048576K
}
Event: 1164.046 GC heap after
{Heap after GC invocations=174 (full 3):
 PSYoungGen      total 5632K, used 576K [0x00000000d5580000, 0x00000000d5c80000, 0x0000000100000000)
  eden space 4608K, 0% used [0x00000000d5580000,0x00000000d5580000,0x00000000d5a00000)
  from space 1024K, 56% used [0x00000000d5a00000,0x00000000d5a90000,0x00000000d5b00000)
  to   space 1024K, 0% used [0x00000000d5b80000,0x00000000d5b80000,0x00000000d5c80000)
 ParOldGen       total 119808K, used 119607K [0x0000000080000000, 0x0000000087500000, 0x00000000d5580000)
  object space 119808K, 99% used [0x0000000080000000,0x00000000874cdd88,0x0000000087500000)
 Metaspace       used 86940K, committed 88768K, reserved 1179648K
  class space    used 10456K, committed 11264K, reserved 1048576K
}
Event: 1164.225 GC heap before
{Heap before GC invocations=175 (full 3):
 PSYoungGen      total 5632K, used 5184K [0x00000000d5580000, 0x00000000d5c80000, 0x0000000100000000)
  eden space 4608K, 100% used [0x00000000d5580000,0x00000000d5a00000,0x00000000d5a00000)
  from space 1024K, 56% used [0x00000000d5a00000,0x00000000d5a90000,0x00000000d5b00000)
  to   space 1024K, 0% used [0x00000000d5b80000,0x00000000d5b80000,0x00000000d5c80000)
 ParOldGen       total 119808K, used 119607K [0x0000000080000000, 0x0000000087500000, 0x00000000d5580000)
  object space 119808K, 99% used [0x0000000080000000,0x00000000874cdd88,0x0000000087500000)
 Metaspace       used 87206K, committed 88960K, reserved 1179648K
  class space    used 10497K, committed 11264K, reserved 1048576K
}
Event: 1164.226 GC heap after
{Heap after GC invocations=175 (full 3):
 PSYoungGen      total 5120K, used 448K [0x00000000d5580000, 0x00000000d5c00000, 0x0000000100000000)
  eden space 4608K, 0% used [0x00000000d5580000,0x00000000d5580000,0x00000000d5a00000)
  from space 512K, 87% used [0x00000000d5b80000,0x00000000d5bf0000,0x00000000d5c00000)
  to   space 1024K, 0% used [0x00000000d5a00000,0x00000000d5a00000,0x00000000d5b00000)
 ParOldGen       total 120320K, used 119935K [0x0000000080000000, 0x0000000087580000, 0x00000000d5580000)
  object space 120320K, 99% used [0x0000000080000000,0x000000008751fd88,0x0000000087580000)
 Metaspace       used 87206K, committed 88960K, reserved 1179648K
  class space    used 10497K, committed 11264K, reserved 1048576K
}
Event: 1164.341 GC heap before
{Heap before GC invocations=176 (full 3):
 PSYoungGen      total 5120K, used 5056K [0x00000000d5580000, 0x00000000d5c00000, 0x0000000100000000)
  eden space 4608K, 100% used [0x00000000d5580000,0x00000000d5a00000,0x00000000d5a00000)
  from space 512K, 87% used [0x00000000d5b80000,0x00000000d5bf0000,0x00000000d5c00000)
  to   space 1024K, 0% used [0x00000000d5a00000,0x00000000d5a00000,0x00000000d5b00000)
 ParOldGen       total 215552K, used 212095K [0x0000000080000000, 0x000000008d280000, 0x00000000d5580000)
  object space 215552K, 98% used [0x0000000080000000,0x000000008cf1fe18,0x000000008d280000)
 Metaspace       used 87576K, committed 89408K, reserved 1179648K
  class space    used 10529K, committed 11328K, reserved 1048576K
}
Event: 1164.342 GC heap after
{Heap after GC invocations=176 (full 3):
 PSYoungGen      total 5632K, used 485K [0x00000000d5580000, 0x00000000d5c00000, 0x0000000100000000)
  eden space 4608K, 0% used [0x00000000d5580000,0x00000000d5580000,0x00000000d5a00000)
  from space 1024K, 47% used [0x00000000d5a00000,0x00000000d5a79420,0x00000000d5b00000)
  to   space 512K, 0% used [0x00000000d5b80000,0x00000000d5b80000,0x00000000d5c00000)
 ParOldGen       total 215552K, used 212357K [0x0000000080000000, 0x000000008d280000, 0x00000000d5580000)
  object space 215552K, 98% used [0x0000000080000000,0x000000008cf61540,0x000000008d280000)
 Metaspace       used 87576K, committed 89408K, reserved 1179648K
  class space    used 10529K, committed 11328K, reserved 1048576K
}
Event: 1164.452 GC heap before
{Heap before GC invocations=177 (full 3):
 PSYoungGen      total 5632K, used 5093K [0x00000000d5580000, 0x00000000d5c00000, 0x0000000100000000)
  eden space 4608K, 100% used [0x00000000d5580000,0x00000000d5a00000,0x00000000d5a00000)
  from space 1024K, 47% used [0x00000000d5a00000,0x00000000d5a79420,0x00000000d5b00000)
  to   space 512K, 0% used [0x00000000d5b80000,0x00000000d5b80000,0x00000000d5c00000)
 ParOldGen       total 215552K, used 212357K [0x0000000080000000, 0x000000008d280000, 0x00000000d5580000)
  object space 215552K, 98% used [0x0000000080000000,0x000000008cf61540,0x000000008d280000)
 Metaspace       used 87594K, committed 89408K, reserved 1179648K
  class space    used 10530K, committed 11328K, reserved 1048576K
}
Event: 1164.453 GC heap after
{Heap after GC invocations=177 (full 3):
 PSYoungGen      total 5120K, used 384K [0x00000000d5580000, 0x00000000d5c00000, 0x0000000100000000)
  eden space 4608K, 0% used [0x00000000d5580000,0x00000000d5580000,0x00000000d5a00000)
  from space 512K, 75% used [0x00000000d5b80000,0x00000000d5be0000,0x00000000d5c00000)
  to   space 512K, 0% used [0x00000000d5b00000,0x00000000d5b00000,0x00000000d5b80000)
 ParOldGen       total 215552K, used 212591K [0x0000000080000000, 0x000000008d280000, 0x00000000d5580000)
  object space 215552K, 98% used [0x0000000080000000,0x000000008cf9be08,0x000000008d280000)
 Metaspace       used 87594K, committed 89408K, reserved 1179648K
  class space    used 10530K, committed 11328K, reserved 1048576K
}
Event: 1191.050 GC heap before
{Heap before GC invocations=178 (full 3):
 PSYoungGen      total 5120K, used 4992K [0x00000000d5580000, 0x00000000d5c00000, 0x0000000100000000)
  eden space 4608K, 100% used [0x00000000d5580000,0x00000000d5a00000,0x00000000d5a00000)
  from space 512K, 75% used [0x00000000d5b80000,0x00000000d5be0000,0x00000000d5c00000)
  to   space 512K, 0% used [0x00000000d5b00000,0x00000000d5b00000,0x00000000d5b80000)
 ParOldGen       total 215552K, used 212591K [0x0000000080000000, 0x000000008d280000, 0x00000000d5580000)
  object space 215552K, 98% used [0x0000000080000000,0x000000008cf9be08,0x000000008d280000)
 Metaspace       used 87693K, committed 89408K, reserved 1179648K
  class space    used 10535K, committed 11328K, reserved 1048576K
}
Event: 1191.051 GC heap after
{Heap after GC invocations=178 (full 3):
 PSYoungGen      total 5120K, used 256K [0x00000000d5580000, 0x00000000d5c00000, 0x0000000100000000)
  eden space 4608K, 0% used [0x00000000d5580000,0x00000000d5580000,0x00000000d5a00000)
  from space 512K, 50% used [0x00000000d5b00000,0x00000000d5b40000,0x00000000d5b80000)
  to   space 512K, 0% used [0x00000000d5b80000,0x00000000d5b80000,0x00000000d5c00000)
 ParOldGen       total 215552K, used 212663K [0x0000000080000000, 0x000000008d280000, 0x00000000d5580000)
  object space 215552K, 98% used [0x0000000080000000,0x000000008cfade08,0x000000008d280000)
 Metaspace       used 87693K, committed 89408K, reserved 1179648K
  class space    used 10535K, committed 11328K, reserved 1048576K
}
Event: 1191.143 GC heap before
{Heap before GC invocations=179 (full 3):
 PSYoungGen      total 5120K, used 4864K [0x00000000d5580000, 0x00000000d5c00000, 0x0000000100000000)
  eden space 4608K, 100% used [0x00000000d5580000,0x00000000d5a00000,0x00000000d5a00000)
  from space 512K, 50% used [0x00000000d5b00000,0x00000000d5b40000,0x00000000d5b80000)
  to   space 512K, 0% used [0x00000000d5b80000,0x00000000d5b80000,0x00000000d5c00000)
 ParOldGen       total 215552K, used 212663K [0x0000000080000000, 0x000000008d280000, 0x00000000d5580000)
  object space 215552K, 98% used [0x0000000080000000,0x000000008cfade08,0x000000008d280000)
 Metaspace       used 87705K, committed 89472K, reserved 1179648K
  class space    used 10535K, committed 11328K, reserved 1048576K
}
Event: 1191.145 GC heap after
{Heap after GC invocations=179 (full 3):
 PSYoungGen      total 5120K, used 416K [0x00000000d5580000, 0x00000000d5c00000, 0x0000000100000000)
  eden space 4608K, 0% used [0x00000000d5580000,0x00000000d5580000,0x00000000d5a00000)
  from space 512K, 81% used [0x00000000d5b80000,0x00000000d5be8000,0x00000000d5c00000)
  to   space 512K, 0% used [0x00000000d5b00000,0x00000000d5b00000,0x00000000d5b80000)
 ParOldGen       total 215552K, used 212823K [0x0000000080000000, 0x000000008d280000, 0x00000000d5580000)
  object space 215552K, 98% used [0x0000000080000000,0x000000008cfd5e08,0x000000008d280000)
 Metaspace       used 87705K, committed 89472K, reserved 1179648K
  class space    used 10535K, committed 11328K, reserved 1048576K
}
Event: 1462.398 GC heap before
{Heap before GC invocations=180 (full 3):
 PSYoungGen      total 5120K, used 5024K [0x00000000d5580000, 0x00000000d5c00000, 0x0000000100000000)
  eden space 4608K, 100% used [0x00000000d5580000,0x00000000d5a00000,0x00000000d5a00000)
  from space 512K, 81% used [0x00000000d5b80000,0x00000000d5be8000,0x00000000d5c00000)
  to   space 512K, 0% used [0x00000000d5b00000,0x00000000d5b00000,0x00000000d5b80000)
 ParOldGen       total 215552K, used 212823K [0x0000000080000000, 0x000000008d280000, 0x00000000d5580000)
  object space 215552K, 98% used [0x0000000080000000,0x000000008cfd5e08,0x000000008d280000)
 Metaspace       used 87789K, committed 89536K, reserved 1179648K
  class space    used 10537K, committed 11328K, reserved 1048576K
}
Event: 1462.400 GC heap after
{Heap after GC invocations=180 (full 3):
 PSYoungGen      total 5120K, used 416K [0x00000000d5580000, 0x00000000d5c00000, 0x0000000100000000)
  eden space 4608K, 0% used [0x00000000d5580000,0x00000000d5580000,0x00000000d5a00000)
  from space 512K, 81% used [0x00000000d5b00000,0x00000000d5b68020,0x00000000d5b80000)
  to   space 512K, 0% used [0x00000000d5b80000,0x00000000d5b80000,0x00000000d5c00000)
 ParOldGen       total 215552K, used 212895K [0x0000000080000000, 0x000000008d280000, 0x00000000d5580000)
  object space 215552K, 98% used [0x0000000080000000,0x000000008cfe7e08,0x000000008d280000)
 Metaspace       used 87789K, committed 89536K, reserved 1179648K
  class space    used 10537K, committed 11328K, reserved 1048576K
}

